06:28:17 [main] INFO  com.revature.misc.MainMenu - Login successful, user: user
07:39:45 [main] INFO  com.revature.misc.MainMenu - Login successful, user: user
07:40:10 [main] INFO  com.revature.services.CustomerService - OrderOrder [id=1, customerUsername=user, item_id=2, flavor1_id=1, flavor2_id=2] successfully queued!
07:53:28 [main] ERROR com.revature.misc.MainMenu - Login exception was thrown. com.revature.exceptions.LoginException
07:53:42 [main] INFO  com.revature.misc.MainMenu - Login successful, user: Nest
07:55:04 [main] INFO  com.revature.misc.MainMenu - Login successful, user: Nest
07:56:52 [main] INFO  com.revature.misc.MainMenu - Login successful, user: Nest
07:58:07 [main] INFO  com.revature.misc.MainMenu - Login successful, user: Nest
07:58:20 [main] INFO  com.revature.services.CustomerService - OrderOrder [id=2, customerUsername=Nest, item_id=2, flavor1_id=5, flavor2_id=6] successfully queued!
07:58:55 [main] INFO  com.revature.services.CustomerService - AccountCustomer [id=9, firstname=asdfg, lastname=dhgffd, username=aaa, password=aaa] successfully created!
07:59:08 [main] INFO  com.revature.misc.MainMenu - Login successful, user: aaa
07:59:18 [main] INFO  com.revature.services.CustomerService - OrderOrder [id=3, customerUsername=aaa, item_id=1, flavor1_id=6, flavor2_id=7] successfully queued!
07:59:26 [main] ERROR com.revature.services.CustomerService - SQL Exception was thrown. org.postgresql.util.PSQLException: ERROR: column "aaa" does not exist
  Position: 47
08:05:16 [main] INFO  com.revature.misc.MainMenu - Login successful, user: aaa
08:05:31 [main] INFO  com.revature.services.CustomerService - OrderOrder [id=1, customerUsername=aaa, item_id=2, flavor1_id=5, flavor2_id=6] successfully queued!
08:05:34 [main] ERROR com.revature.services.CustomerService - SQL Exception was thrown. org.postgresql.util.PSQLException: ERROR: column "aaa" does not exist
  Position: 47
08:09:41 [main] INFO  com.revature.misc.MainMenu - Login successful, user: aaa
08:09:43 [main] ERROR com.revature.services.CustomerService - SQL Exception was thrown. org.postgresql.util.PSQLException: ERROR: column "aaa" does not exist
  Position: 47
